2025-06-26 02:39:01,310 - INFO - Logging initialized.
2025-06-26 02:39:01,310 - INFO - Log file: ../../data/logging_scrap/scraping_log_20250626_023901.log
2025-06-26 02:39:01,310 - INFO - 
--- Initializing DOI pool with curated DOIs from text file ---
2025-06-26 02:39:01,310 - INFO -   Processing curated DOI not yet in pool: 10.1111/febs.15572
2025-06-26 02:39:02,700 - INFO -     Added full details for 10.1111/febs.15572 to initial add list.
2025-06-26 02:39:03,201 - INFO -   Processing curated DOI not yet in pool: 10.1186/gb-2006-7-10-r100
2025-06-26 02:39:04,640 - INFO -     Added full details for 10.1186/gb-2006-7-10-r100 to initial add list.
2025-06-26 02:39:05,140 - INFO -   Processing curated DOI not yet in pool: 10.1038/s41588-024-01664-3
2025-06-26 02:39:06,547 - INFO -     Added full details for 10.1038/s41588-024-01664-3 to initial add list.
2025-06-26 02:39:07,048 - INFO -   Processing curated DOI not yet in pool: 10.1038/s41467-017-01689-9
2025-06-26 02:39:08,473 - INFO -     Added full details for 10.1038/s41467-017-01689-9 to initial add list.
2025-06-26 02:39:08,974 - INFO -   Processing curated DOI not yet in pool: 10.1186/s13059-021-02404-0
2025-06-26 02:39:13,769 - INFO -     Added full details for 10.1186/s13059-021-02404-0 to initial add list.
2025-06-26 02:39:14,270 - INFO -   Processing curated DOI not yet in pool: 10.1101/2020.10.27.357640
2025-06-26 02:39:14,679 - WARNING -     PMID not found in PubMed for curated DOI: 10.1101/2020.10.27.357640. Adding basic entry.
2025-06-26 02:39:15,179 - INFO -   Processing curated DOI not yet in pool: 10.1038/s41467-022-32111-8
2025-06-26 02:39:16,574 - INFO -     Added full details for 10.1038/s41467-022-32111-8 to initial add list.
2025-06-26 02:39:17,074 - INFO -   Processing curated DOI not yet in pool: 10.1038/s41592-020-01018-x
2025-06-26 02:39:18,469 - INFO -     Added full details for 10.1038/s41592-020-01018-x to initial add list.
2025-06-26 02:39:18,969 - INFO -   Processing curated DOI not yet in pool: 10.1016/j.celrep.2019.08.077
2025-06-26 02:39:20,348 - INFO -     Added full details for 10.1016/j.celrep.2019.08.077 to initial add list.
2025-06-26 02:39:20,849 - INFO -   Processing curated DOI not yet in pool: 10.1038/s41592-019-0631-4
2025-06-26 02:39:22,238 - INFO -     Added full details for 10.1038/s41592-019-0631-4 to initial add list.
2025-06-26 02:39:22,739 - INFO -   Processing curated DOI not yet in pool: 10.1038/s41467-021-26044-x
2025-06-26 02:39:24,114 - INFO -     Added full details for 10.1038/s41467-021-26044-x to initial add list.
2025-06-26 02:39:24,615 - INFO -   Processing curated DOI not yet in pool: 10.1186/s12859-022-04570-9
2025-06-26 02:39:26,017 - INFO -     Added full details for 10.1186/s12859-022-04570-9 to initial add list.
2025-06-26 02:39:26,518 - INFO -   Processing curated DOI not yet in pool: 10.1038/s41556-024-01469-w
2025-06-26 02:39:28,025 - INFO -     Added full details for 10.1038/s41556-024-01469-w to initial add list.
2025-06-26 02:39:28,525 - INFO -   Processing curated DOI not yet in pool: 10.1038/s41592-024-02408-1
2025-06-26 02:39:29,940 - INFO -     Added full details for 10.1038/s41592-024-02408-1 to initial add list.
2025-06-26 02:39:30,441 - INFO -   Processing curated DOI not yet in pool: 10.1016/j.compbiomed.2023.106576
2025-06-26 02:39:31,842 - INFO -     Added full details for 10.1016/j.compbiomed.2023.106576 to initial add list.
2025-06-26 02:39:32,342 - INFO -   Processing curated DOI not yet in pool: 10.1038/s41467-023-42343-x
2025-06-26 02:39:33,783 - INFO -     Added full details for 10.1038/s41467-023-42343-x to initial add list.
2025-06-26 02:39:34,284 - INFO -   Processing curated DOI not yet in pool: 10.1016/j.cels.2018.02.010
2025-06-26 02:39:35,651 - INFO -     Added full details for 10.1016/j.cels.2018.02.010 to initial add list.
2025-06-26 02:39:36,151 - INFO -   Processing curated DOI not yet in pool: 10.1038/s41467-023-36796-3
2025-06-26 02:39:37,536 - INFO -     Added full details for 10.1038/s41467-023-36796-3 to initial add list.
2025-06-26 02:39:38,037 - INFO -   Processing curated DOI not yet in pool: 10.1038/nmeth.4391
2025-06-26 02:39:39,410 - INFO -     Added full details for 10.1038/nmeth.4391 to initial add list.
2025-06-26 02:39:39,911 - INFO -   Processing curated DOI not yet in pool: 10.1038/s41467-023-43120-6
2025-06-26 02:39:41,766 - INFO -     Added full details for 10.1038/s41467-023-43120-6 to initial add list.
2025-06-26 02:39:42,267 - INFO -   Processing curated DOI not yet in pool: 10.1038/s41467-024-48870-5
2025-06-26 02:39:43,674 - INFO -     Added full details for 10.1038/s41467-024-48870-5 to initial add list.
2025-06-26 02:39:44,174 - INFO -   Processing curated DOI not yet in pool: 10.1038/s41467-021-23807-4
2025-06-26 02:39:45,775 - INFO -     Added full details for 10.1038/s41467-021-23807-4 to initial add list.
2025-06-26 02:39:46,276 - INFO -   Processing curated DOI not yet in pool: 10.1038/s41467-023-44560-w
2025-06-26 02:39:47,661 - INFO -     Added full details for 10.1038/s41467-023-44560-w to initial add list.
2025-06-26 02:39:48,162 - INFO -   Processing curated DOI not yet in pool: 10.1038/s41467-023-37123-6
2025-06-26 02:39:49,528 - INFO -     Added full details for 10.1038/s41467-023-37123-6 to initial add list.
2025-06-26 02:39:50,028 - INFO -   Processing curated DOI not yet in pool: 10.1016/j.cels.2021.09.012
2025-06-26 02:39:51,324 - INFO -     Added full details for 10.1016/j.cels.2021.09.012 to initial add list.
2025-06-26 02:39:51,824 - INFO -   Processing curated DOI not yet in pool: doi: 10.1016/j.cell.2015.05.047
2025-06-26 02:39:53,225 - INFO -     Added full details for doi: 10.1016/j.cell.2015.05.047 to initial add list.
2025-06-26 02:39:53,726 - INFO -   Processing curated DOI not yet in pool: 10.1038/s41592-019-0667-5
2025-06-26 02:39:55,145 - INFO -     Added full details for 10.1038/s41592-019-0667-5 to initial add list.
2025-06-26 02:39:55,646 - INFO -   Processing curated DOI not yet in pool: 10.1038/s41596-024-01137-1
2025-06-26 02:39:57,043 - INFO -     Added full details for 10.1038/s41596-024-01137-1 to initial add list.
2025-06-26 02:39:57,543 - INFO -   Processing curated DOI not yet in pool: 10.1016/j.cell.2021.12.023
2025-06-26 02:39:58,903 - INFO -     Added full details for 10.1016/j.cell.2021.12.023 to initial add list.
2025-06-26 02:39:59,403 - INFO -   Processing curated DOI not yet in pool: 10.1002/cyto.a.24480
2025-06-26 02:40:00,800 - INFO -     Added full details for 10.1002/cyto.a.24480 to initial add list.
2025-06-26 02:40:01,301 - INFO -   Processing curated DOI not yet in pool: 10.1038/s41587-022-01467-z
2025-06-26 02:40:02,608 - INFO -     Added full details for 10.1038/s41587-022-01467-z to initial add list.
2025-06-26 02:40:03,109 - INFO -   Processing curated DOI not yet in pool: 10.1038/s41592-021-01308-y
2025-06-26 02:40:04,527 - INFO -     Added full details for 10.1038/s41592-021-01308-y to initial add list.
2025-06-26 02:40:05,028 - INFO -   Processing curated DOI not yet in pool: 10.1016/j.media.2022.102384
2025-06-26 02:40:06,391 - INFO -     Added full details for 10.1016/j.media.2022.102384 to initial add list.
2025-06-26 02:40:06,892 - INFO -   Processing curated DOI not yet in pool: 10.1093/bioinformatics/btab164
2025-06-26 02:40:08,196 - INFO -     Added full details for 10.1093/bioinformatics/btab164 to initial add list.
2025-06-26 02:40:08,696 - INFO -   Processing curated DOI not yet in pool: 10.1038/s41587-024-02193-4
2025-06-26 02:40:10,104 - INFO -     Added full details for 10.1038/s41587-024-02193-4 to initial add list.
2025-06-26 02:40:10,604 - INFO -   Processing curated DOI not yet in pool: 10.1038/s41596-023-00881-0
2025-06-26 02:40:11,988 - INFO -     Added full details for 10.1038/s41596-023-00881-0 to initial add list.
2025-06-26 02:40:12,489 - INFO -   Processing curated DOI not yet in pool: 10.1101/2023.06.13.544751
2025-06-26 02:40:12,891 - WARNING -     PMID not found in PubMed for curated DOI: 10.1101/2023.06.13.544751. Adding basic entry.
2025-06-26 02:40:13,391 - INFO -   Processing curated DOI not yet in pool: 10.1038/s41588-025-02120-6
2025-06-26 02:40:14,890 - INFO -     Added full details for 10.1038/s41588-025-02120-6 to initial add list.
2025-06-26 02:40:15,391 - INFO -   Processing curated DOI not yet in pool: 10.1038/nmeth.4636
2025-06-26 02:40:16,775 - INFO -     Added full details for 10.1038/nmeth.4636 to initial add list.
2025-06-26 02:40:17,276 - INFO -   Processing curated DOI not yet in pool: 10.1038/s41592-019-0701-7
2025-06-26 02:40:18,655 - INFO -     Added full details for 10.1038/s41592-019-0701-7 to initial add list.
2025-06-26 02:40:19,156 - INFO -   Processing curated DOI not yet in pool: 10.1186/s13059-022-02663-5
2025-06-26 02:40:20,538 - INFO -     Added full details for 10.1186/s13059-022-02663-5 to initial add list.
2025-06-26 02:40:21,039 - INFO -   Processing curated DOI not yet in pool: 10.1101/2021.10.27.466045
2025-06-26 02:40:21,442 - WARNING -     PMID not found in PubMed for curated DOI: 10.1101/2021.10.27.466045. Adding basic entry.
2025-06-26 02:40:21,943 - INFO -   Processing curated DOI not yet in pool: 10.48550/arxiv.1806.03535
2025-06-26 02:40:22,339 - WARNING -     PMID not found in PubMed for curated DOI: 10.48550/arxiv.1806.03535. Adding basic entry.
