2025-06-26 00:21:34,417 - INFO - Logging initialized.
2025-06-26 00:21:34,417 - INFO - Log file: ../../data/logging_scrap/scraping_log_20250626_002134.log
2025-06-26 00:21:34,417 - INFO - 
--- Initializing DOI pool with curated DOIs from text file ---
2025-06-26 00:21:34,417 - INFO -   Processing curated DOI not yet in pool: 10.1371/journal.pcbi.1008887
2025-06-26 00:21:36,214 - INFO -     Added full details for 10.1371/journal.pcbi.1008887 to initial add list.
2025-06-26 00:21:36,714 - INFO -   Processing curated DOI not yet in pool: 10.1016/j.cell.2020.07.005
2025-06-26 00:21:38,124 - INFO -     Added full details for 10.1016/j.cell.2020.07.005 to initial add list.
2025-06-26 00:21:38,625 - INFO -   Processing curated DOI not yet in pool: 10.1038/s41467-024-48870-5
2025-06-26 00:21:40,030 - INFO -     Added full details for 10.1038/s41467-024-48870-5 to initial add list.
2025-06-26 00:21:40,531 - INFO -   Processing curated DOI not yet in pool: 10.1038/s41592-020-01018-x
2025-06-26 00:21:41,937 - INFO -     Added full details for 10.1038/s41592-020-01018-x to initial add list.
2025-06-26 00:21:42,438 - INFO -   Processing curated DOI not yet in pool: 10.1038/s42003-024-06480-3
2025-06-26 00:21:43,823 - INFO -     Added full details for 10.1038/s42003-024-06480-3 to initial add list.
2025-06-26 00:21:44,323 - INFO -   Processing curated DOI not yet in pool: 10.1038/s41587-022-01467-z
2025-06-26 00:21:45,721 - INFO -     Added full details for 10.1038/s41587-022-01467-z to initial add list.
2025-06-26 00:21:46,222 - INFO -   Processing curated DOI not yet in pool: 10.1093/bioinformatics/btab164
2025-06-26 00:21:47,529 - INFO -     Added full details for 10.1093/bioinformatics/btab164 to initial add list.
2025-06-26 00:21:48,029 - INFO -   Processing curated DOI not yet in pool: 10.1002/cyto.a.24480
2025-06-26 00:21:49,423 - INFO -     Added full details for 10.1002/cyto.a.24480 to initial add list.
2025-06-26 00:21:49,923 - INFO -   Processing curated DOI not yet in pool: 10.1186/s13059-021-02404-0
2025-06-26 00:21:51,741 - INFO -     Added full details for 10.1186/s13059-021-02404-0 to initial add list.
2025-06-26 00:21:52,241 - INFO -   Processing curated DOI not yet in pool: 10.1038/s41467-023-39608-w
2025-06-26 00:21:53,649 - INFO -     Added full details for 10.1038/s41467-023-39608-w to initial add list.
2025-06-26 00:21:54,149 - INFO -   Processing curated DOI not yet in pool: 10.1038/nmeth.4636
2025-06-26 00:21:55,526 - INFO -     Added full details for 10.1038/nmeth.4636 to initial add list.
2025-06-26 00:21:56,026 - INFO -   Processing curated DOI not yet in pool: 10.1186/gb-2006-7-10-r100
2025-06-26 00:21:57,403 - INFO -     Added full details for 10.1186/gb-2006-7-10-r100 to initial add list.
2025-06-26 00:21:57,903 - INFO -   Processing curated DOI not yet in pool: 10.1038/s41467-023-36796-3
2025-06-26 00:21:59,306 - INFO -     Added full details for 10.1038/s41467-023-36796-3 to initial add list.
2025-06-26 00:21:59,806 - INFO -   Processing curated DOI not yet in pool: 10.1038/s41587-021-00935-2
2025-06-26 00:22:01,226 - INFO -     Added full details for 10.1038/s41587-021-00935-2 to initial add list.
2025-06-26 00:22:01,727 - INFO -   Processing curated DOI not yet in pool: 10.1111/febs.15572
2025-06-26 00:22:03,307 - INFO -     Added full details for 10.1111/febs.15572 to initial add list.
2025-06-26 00:22:03,807 - INFO -   Processing curated DOI not yet in pool: 10.1038/s41588-025-02120-6
2025-06-26 00:22:05,391 - INFO -     Added full details for 10.1038/s41588-025-02120-6 to initial add list.
2025-06-26 00:22:05,891 - INFO -   Processing curated DOI not yet in pool: 10.1186/s13059-022-02663-5
2025-06-26 00:22:07,263 - INFO -     Added full details for 10.1186/s13059-022-02663-5 to initial add list.
2025-06-26 00:22:07,764 - INFO -   Processing curated DOI not yet in pool: 10.1038/s41467-023-42343-x
2025-06-26 00:22:09,148 - INFO -     Added full details for 10.1038/s41467-023-42343-x to initial add list.
2025-06-26 00:22:09,648 - INFO -   Processing curated DOI not yet in pool: 10.1038/nbt.4260
2025-06-26 00:22:11,044 - INFO -     Added full details for 10.1038/nbt.4260 to initial add list.
2025-06-26 00:22:11,544 - INFO -   Processing curated DOI not yet in pool: 10.1038/s41596-024-01137-1
2025-06-26 00:22:12,952 - INFO -     Added full details for 10.1038/s41596-024-01137-1 to initial add list.
2025-06-26 00:22:13,452 - INFO -   Processing curated DOI not yet in pool: 10.1038/s41467-017-01689-9
2025-06-26 00:22:15,369 - INFO -     Added full details for 10.1038/s41467-017-01689-9 to initial add list.
2025-06-26 00:22:15,869 - INFO -   Processing curated DOI not yet in pool: 10.1038/s41467-022-32111-8
2025-06-26 00:22:17,289 - INFO -     Added full details for 10.1038/s41467-022-32111-8 to initial add list.
2025-06-26 00:22:17,789 - INFO -   Processing curated DOI not yet in pool: 10.1093/bioadv/vbac048
2025-06-26 00:22:19,132 - INFO -     Added full details for 10.1093/bioadv/vbac048 to initial add list.
2025-06-26 00:22:19,633 - INFO -   Processing curated DOI not yet in pool: 10.1038/s41467-023-44560-w
2025-06-26 00:22:21,065 - INFO -     Added full details for 10.1038/s41467-023-44560-w to initial add list.
2025-06-26 00:22:21,565 - INFO -   Processing curated DOI not yet in pool: 10.1016/j.media.2022.102384
2025-06-26 00:22:22,955 - INFO -     Added full details for 10.1016/j.media.2022.102384 to initial add list.
2025-06-26 00:22:23,455 - INFO -   Processing curated DOI not yet in pool: 10.1038/s41592-024-02408-1
2025-06-26 00:22:24,874 - INFO -     Added full details for 10.1038/s41592-024-02408-1 to initial add list.
2025-06-26 00:22:25,374 - INFO -   Processing curated DOI not yet in pool: 10.1101/2020.10.27.357640
2025-06-26 00:22:25,766 - WARNING -     PMID not found in PubMed for curated DOI: 10.1101/2020.10.27.357640. Adding basic entry.
2025-06-26 00:22:26,266 - INFO -   Processing curated DOI not yet in pool: 10.1038/s41596-023-00881-0
2025-06-26 00:22:27,677 - INFO -     Added full details for 10.1038/s41596-023-00881-0 to initial add list.
2025-06-26 00:22:28,177 - INFO -   Processing curated DOI not yet in pool: doi: 10.1016/j.cell.2015.05.047
2025-06-26 00:22:29,555 - INFO -     Added full details for doi: 10.1016/j.cell.2015.05.047 to initial add list.
2025-06-26 00:22:30,056 - INFO -   Processing curated DOI not yet in pool: 10.1038/s41556-024-01469-w
2025-06-26 00:22:31,462 - INFO -     Added full details for 10.1038/s41556-024-01469-w to initial add list.
2025-06-26 00:22:31,963 - INFO -   Processing curated DOI not yet in pool: 10.1016/j.cels.2018.02.010
2025-06-26 00:22:33,349 - INFO -     Added full details for 10.1016/j.cels.2018.02.010 to initial add list.
2025-06-26 00:22:33,849 - INFO -   Processing curated DOI not yet in pool: 10.1101/2021.10.27.466045
2025-06-26 00:22:34,234 - WARNING -     PMID not found in PubMed for curated DOI: 10.1101/2021.10.27.466045. Adding basic entry.
2025-06-26 00:22:34,734 - INFO -   Processing curated DOI not yet in pool: 10.1038/s41467-023-37123-6
2025-06-26 00:22:36,113 - INFO -     Added full details for 10.1038/s41467-023-37123-6 to initial add list.
2025-06-26 00:22:36,614 - INFO -   Processing curated DOI not yet in pool: 10.1038/nmeth.4391
2025-06-26 00:22:37,997 - INFO -     Added full details for 10.1038/nmeth.4391 to initial add list.
2025-06-26 00:22:38,497 - INFO -   Processing curated DOI not yet in pool: 10.1038/s41467-022-29439-6
2025-06-26 00:22:39,871 - INFO -     Added full details for 10.1038/s41467-022-29439-6 to initial add list.
2025-06-26 00:22:40,371 - INFO -   Processing curated DOI not yet in pool: 10.1016/j.cels.2021.09.012
2025-06-26 00:22:41,667 - INFO -     Added full details for 10.1016/j.cels.2021.09.012 to initial add list.
2025-06-26 00:22:42,167 - INFO -   Processing curated DOI not yet in pool: 10.1038/s41592-019-0667-5
2025-06-26 00:22:43,543 - INFO -     Added full details for 10.1038/s41592-019-0667-5 to initial add list.
2025-06-26 00:22:44,044 - INFO -   Processing curated DOI not yet in pool: 10.1101/2023.06.13.544751
2025-06-26 00:22:44,531 - WARNING -     PMID not found in PubMed for curated DOI: 10.1101/2023.06.13.544751. Adding basic entry.
2025-06-26 00:22:45,031 - INFO -   Processing curated DOI not yet in pool: 10.1016/j.csbj.2024.10.048
2025-06-26 00:22:46,462 - INFO -     Added full details for 10.1016/j.csbj.2024.10.048 to initial add list.
2025-06-26 00:22:46,962 - INFO -   Processing curated DOI not yet in pool: 10.1038/s41596-021-00550-0
2025-06-26 00:22:48,398 - INFO -     Added full details for 10.1038/s41596-021-00550-0 to initial add list.
2025-06-26 00:22:48,899 - INFO -   Processing curated DOI not yet in pool: 10.48550/arxiv.1806.03535
2025-06-26 00:22:49,298 - WARNING -     PMID not found in PubMed for curated DOI: 10.48550/arxiv.1806.03535. Adding basic entry.
2025-06-26 00:22:49,798 - INFO -   Processing curated DOI not yet in pool: 10.1038/s41467-021-23807-4
2025-06-26 00:22:51,247 - INFO -     Added full details for 10.1038/s41467-021-23807-4 to initial add list.
2025-06-26 00:22:51,748 - INFO -   Processing curated DOI not yet in pool: 10.1016/j.patter.2023.100829
2025-06-26 00:22:53,117 - INFO -     Added full details for 10.1016/j.patter.2023.100829 to initial add list.
2025-06-26 00:22:53,617 - INFO -   Processing curated DOI not yet in pool: 10.1038/s41467-021-26044-x
2025-06-26 00:22:54,998 - INFO -     Added full details for 10.1038/s41467-021-26044-x to initial add list.
2025-06-26 00:22:55,498 - INFO -   Processing curated DOI not yet in pool: 10.1186/s13059-020-02214-w
2025-06-26 00:22:56,850 - INFO -     Added full details for 10.1186/s13059-020-02214-w to initial add list.
2025-06-26 00:22:57,351 - INFO -   Processing curated DOI not yet in pool: 10.1038/nmeth.4634
2025-06-26 00:22:58,738 - INFO -     Added full details for 10.1038/nmeth.4634 to initial add list.
2025-06-26 00:22:59,239 - INFO -   Processing curated DOI not yet in pool: 10.1186/s12915-021-01043-y
2025-06-26 00:23:00,613 - INFO -     Added full details for 10.1186/s12915-021-01043-y to initial add list.
2025-06-26 00:23:01,114 - INFO -   Processing curated DOI not yet in pool: 10.1038/s41592-024-02415-2
2025-06-26 00:23:02,492 - INFO -     Added full details for 10.1038/s41592-024-02415-2 to initial add list.
2025-06-26 00:23:02,993 - INFO -   Processing curated DOI not yet in pool: 10.1038/s41587-021-01094-0
2025-06-26 00:23:04,400 - INFO -     Added full details for 10.1038/s41587-021-01094-0 to initial add list.
2025-06-26 00:23:04,901 - INFO -   Processing curated DOI not yet in pool: 10.1038/s41592-021-01255-8
2025-06-26 00:23:06,361 - INFO -     Added full details for 10.1038/s41592-021-01255-8 to initial add list.
2025-06-26 00:23:06,862 - INFO -   Processing curated DOI not yet in pool: 10.1038/s41592-021-01308-y
2025-06-26 00:23:08,244 - INFO -     Added full details for 10.1038/s41592-021-01308-y to initial add list.
2025-06-26 00:23:08,744 - INFO -   Processing curated DOI not yet in pool: 10.1038/s41587-024-02193-4
2025-06-26 00:23:10,166 - INFO -     Added full details for 10.1038/s41587-024-02193-4 to initial add list.
2025-06-26 00:23:10,666 - INFO -   Processing curated DOI not yet in pool: 10.1016/j.celrep.2019.08.077
2025-06-26 00:23:12,050 - INFO -     Added full details for 10.1016/j.celrep.2019.08.077 to initial add list.
2025-06-26 00:23:12,551 - INFO -   Processing curated DOI not yet in pool: 10.1016/j.cell.2021.12.023
2025-06-26 00:23:13,975 - INFO -     Added full details for 10.1016/j.cell.2021.12.023 to initial add list.
2025-06-26 00:23:14,475 - INFO -   Processing curated DOI not yet in pool: 10.1038/s41467-022-33182-3
2025-06-26 00:23:15,917 - INFO -     Added full details for 10.1038/s41467-022-33182-3 to initial add list.
2025-06-26 00:23:16,418 - INFO -   Processing curated DOI not yet in pool: 10.1038/s41467-021-21246-9
2025-06-26 00:23:17,901 - INFO -     Added full details for 10.1038/s41467-021-21246-9 to initial add list.
2025-06-26 00:23:18,401 - INFO -   Processing curated DOI not yet in pool: 10.1038/s41587-021-01044-w
2025-06-26 00:23:19,826 - INFO -     Added full details for 10.1038/s41587-021-01044-w to initial add list.
2025-06-26 00:23:20,326 - INFO -   Processing curated DOI not yet in pool: 10.1038/s41592-019-0631-4
2025-06-26 00:23:21,687 - INFO -     Added full details for 10.1038/s41592-019-0631-4 to initial add list.
2025-06-26 00:23:22,187 - INFO -   Processing curated DOI not yet in pool: 10.1038/s41592-022-01728-4
2025-06-26 00:23:23,588 - INFO -     Added full details for 10.1038/s41592-022-01728-4 to initial add list.
2025-06-26 00:23:24,088 - INFO -   Processing curated DOI not yet in pool: 10.1038/s41588-024-01664-3
2025-06-26 00:23:25,523 - INFO -     Added full details for 10.1038/s41588-024-01664-3 to initial add list.
2025-06-26 00:23:26,023 - INFO -   Processing curated DOI not yet in pool: 10.1186/s12859-022-04570-9
2025-06-26 00:23:27,423 - INFO -     Added full details for 10.1186/s12859-022-04570-9 to initial add list.
2025-06-26 00:23:27,923 - INFO -   Processing curated DOI not yet in pool: 10.1038/s41592-019-0701-7
2025-06-26 00:23:29,313 - INFO -     Added full details for 10.1038/s41592-019-0701-7 to initial add list.
2025-06-26 00:23:29,813 - INFO -   Processing curated DOI not yet in pool: 10.1038/s41467-023-43120-6
2025-06-26 00:23:31,232 - INFO -     Added full details for 10.1038/s41467-023-43120-6 to initial add list.
2025-06-26 00:23:31,732 - INFO -   Processing curated DOI not yet in pool: 10.1016/j.compbiomed.2023.106576
2025-06-26 00:23:33,060 - INFO -     Added full details for 10.1016/j.compbiomed.2023.106576 to initial add list.
2025-06-26 00:23:33,564 - INFO - Successfully appended 64 articles to ../../data/doi_pool.jsonl
2025-06-26 00:23:33,564 - INFO - Initial DOI pool setup complete. Total entries now in pool: 64
2025-06-26 00:23:33,566 - INFO - Loaded 63 total existing DOIs from ../../data/doi_pool.jsonl.
2025-06-26 00:23:33,566 - INFO - Loaded 60 PMIDs for curated methods from ../../data/doi_pool.jsonl.
2025-06-26 00:23:33,566 - INFO - 
--- Searching PubMed by keywords: '"spatial transcriptomics" OR "spatial proteomics" OR "spatial omics" OR "spatial metabolomics" OR "spatial data analysis" OR "spatial data preprocessing" OR "cell segmentation" OR "neighborhood analysis" OR "spatial variable genes" OR "niche analysis" OR "domain identification"' ---
2025-06-26 00:23:34,678 - INFO - Found 7107 articles on PubMed for keyword search.
2025-06-26 00:24:44,365 - INFO - Added 6713 new articles from PubMed keyword search.
2025-06-26 00:24:44,444 - INFO - Successfully appended 6713 articles to ../../data/doi_pool.jsonl
2025-06-26 00:24:44,444 - INFO - 
--- Searching PubMed for similar articles based on 60 curated PMIDs ---
2025-06-26 00:25:07,190 - INFO - Added 1031 new articles from PubMed similar articles search.
2025-06-26 00:25:07,202 - INFO - Successfully appended 1031 articles to ../../data/doi_pool.jsonl
2025-06-26 00:25:07,202 - INFO - 
Scraping complete.
2025-06-26 00:25:07,267 - INFO - Loaded 7807 total existing DOIs from ../../data/doi_pool.jsonl.
2025-06-26 00:25:07,267 - INFO - Loaded 60 PMIDs for curated methods from ../../data/doi_pool.jsonl.
2025-06-26 00:25:07,267 - INFO - Total unique DOIs currently tracked: 7807
2025-06-26 00:25:07,267 - INFO - Review '../../data/doi_pool.jsonl' for new uncurated entries.
